<?xml version="1.0" encoding="UTF-8"?>
<!-- Generated by org.testng.reporters.JUnitReportReporter -->
<testsuite hostname="DESKTOP-FTMD7G9" failures="0" tests="4" name="TestNGProgramms.GroupTest" time="14.985" errors="0" timestamp="2022-07-20T14:56:01 IST" skipped="0">
  <testcase classname="TestNGProgramms.GroupTest" name="launch_edge" time="10.174"/>
  <system-out/>
  <testcase classname="TestNGProgramms.GroupTest" name="check_login" time="0.571"/>
  <system-out/>
  <testcase classname="TestNGProgramms.GroupTest" name="check_Title" time="3.865"/>
  <system-out/>
  <testcase classname="TestNGProgramms.GroupTest" name="tear_down" time="0.375"/>
  <system-out/>
</testsuite> <!-- TestNGProgramms.GroupTest -->
