<?xml version="1.0" encoding="UTF-8"?>
<!-- Generated by org.testng.reporters.JUnitReportReporter -->
<testsuite hostname="DESKTOP-FTMD7G9" failures="0" tests="2" name="TestNGProgramms.parameterdemo" time="0.020" errors="0" timestamp="2022-07-17T08:44:15 IST" skipped="0">
  <testcase classname="TestNGProgramms.parameterdemo" name="sum" time="0.005"/>
  <system-out/>
  <testcase classname="TestNGProgramms.parameterdemo" name="diff" time="0.015"/>
  <system-out/>
</testsuite> <!-- TestNGProgramms.parameterdemo -->
