<?xml version="1.0" encoding="UTF-8"?>
<!-- Generated by org.testng.reporters.JUnitReportReporter -->
<testsuite hostname="DESKTOP-FTMD7G9" failures="0" tests="1" name="TestNGProgramms.AnnotationTest" time="0.015" errors="0" timestamp="2022-07-09T20:22:10 IST" skipped="0">
  <testcase classname="TestNGProgramms.AnnotationTest" name="f" time="0.015"/>
  <system-out/>
</testsuite> <!-- TestNGProgramms.AnnotationTest -->
