<?xml version="1.0" encoding="UTF-8"?>
<!-- Generated by org.testng.reporters.JUnitReportReporter -->
<testsuite hostname="DESKTOP-FTMD7G9" failures="0" tests="1" name="TestNGProgramms.multiply" time="0.002" errors="0" timestamp="2022-07-17T08:44:16 IST" skipped="0">
  <testcase classname="TestNGProgramms.multiply" name="mul" time="0.002"/>
  <system-out/>
</testsuite> <!-- TestNGProgramms.multiply -->
